<?xml version="1.0" encoding="UTF-8"?>
<!-- Generated by org.testng.reporters.JUnitReportReporter -->
<testsuite hostname="Amit-VAIO" name="test.Twittter" tests="1" failures="0" timestamp="25 Apr 2019 07:19:24 GMT" time="0.349" errors="0">
  <testcase name="getUsers" time="0.349" classname="test.Twittter"/>
</testsuite> <!-- test.Twittter -->
