<?xml version="1.0" encoding="UTF-8"?>
<!-- Generated by org.testng.reporters.JUnitReportReporter -->
<testsuite hostname="Amit-VAIO" name="test.Twittter" tests="2" failures="0" timestamp="26 Apr 2019 00:37:30 GMT" time="88.596" errors="0">
  <testcase name="getMaxRetweetCounts" time="45.067" classname="test.Twittter"/>
  <testcase name="getUsers" time="43.529" classname="test.Twittter"/>
</testsuite> <!-- test.Twittter -->
