<?xml version="1.0" encoding="UTF-8"?>
<!-- Generated by org.testng.reporters.JUnitReportReporter -->
<testsuite hostname="Amit-VAIO" name="test.LaunchTest" tests="1" failures="0" timestamp="24 Apr 2019 11:09:31 GMT" time="4.605" errors="0">
  <testcase name="test" time="4.605" classname="test.LaunchTest"/>
</testsuite> <!-- test.LaunchTest -->
